Arguments: 
  C:\Program Files (x86)\nodejs\node.exe C:\Users\guilh\AppData\Roaming\npm\node_modules\yarn\bin\yarn.js init

PATH: 
  C:\Program Files (x86)\Razer Chroma SDK\bin;C:\Program Files\Razer Chroma SDK\bin;C:\Program Files\Eclipse Adoptium\jdk-17.0.2.8-hotspot\bin;C:\Program Files (x86)\Common Files\Oracle\Java\javapath;C:\Windows\system32;C:\Windows;C:\Windows\System32\Wbem;C:\Windows\System32\WindowsPowerShell\v1.0\;C:\Windows\System32\OpenSSH\;C:\Program Files (x86)\NVIDIA Corporation\PhysX\Common;C:\Program Files\NVIDIA Corporation\NVIDIA NvDLISR;C:\WINDOWS\system32;C:\WINDOWS;C:\WINDOWS\System32\Wbem;C:\WINDOWS\System32\WindowsPowerShell\v1.0\;C:\WINDOWS\System32\OpenSSH\;C:\Users\guilh\AppData\Local\Microsoft\WindowsApps;C:\Users\guilh\AppData\Local\Programs\Microsoft VS Code\bin;C:\Users\guilh\AppData\Local\GitHubDesktop\bin;C:\Program Files\dotnet\;C:\Program Files\Git\cmd;C:\WINDOWS\system32;C:\WINDOWS;C:\WINDOWS\System32\Wbem;C:\WINDOWS\System32\WindowsPowerShell\v1.0\;C:\WINDOWS\System32\OpenSSH\;C:\Program Files\sqlite3\sqlite-tools-win32-x86-3410000;C:\Program Files (x86)\nodejs\;C:\Users\guilh\AppData\Local\Programs\Python\Launcher\;C:\Program Files\MySQL\MySQL Shell 8.0\bin\;C:\Users\guilh\AppData\Local\Microsoft\WindowsApps;C:\Users\guilh\AppData\Local\Programs\Microsoft VS Code\bin;C:\Users\guilh\AppData\Local\GitHubDesktop\bin;C:\Users\guilh\.dotnet\tools;C:\Users\guilh\AppData\Roaming\npm

Yarn version: 
  1.22.19

Node version: 
  16.14.0

Platform: 
  win32 ia32

Trace: 
  Error: canceled
      at Interface.<anonymous> (C:\Users\guilh\AppData\Roaming\npm\node_modules\yarn\lib\cli.js:137150:13)
      at Interface.emit (node:events:520:28)
      at Interface._ttyWrite (node:readline:1081:16)
      at ReadStream.onkeypress (node:readline:288:10)
      at ReadStream.emit (node:events:520:28)
      at emitKeys (node:internal/readline/utils:358:14)
      at emitKeys.next (<anonymous>)
      at ReadStream.onData (node:internal/readline/emitKeypressEvents:61:36)
      at ReadStream.emit (node:events:520:28)
      at addChunk (node:internal/streams/readable:315:12)

npm manifest: 
  No manifest

yarn manifest: 
  No manifest

Lockfile: 
  No lockfile
